1620963611812	geckodriver	INFO	Listening on 127.0.0.1:65399
1620963617925	mozrunner::runner	INFO	Running command: "C:\\Program Files\\Mozilla Firefox\\firefox.exe" "--marionette" "headless" "-foreground" "-no-remote" "-profile" "C:\\Users\\ADMINI~1\\AppData\\Local\\Temp\\rust_mozprofile0anVl8"
1620963620144	Marionette	INFO	Marionette enabled
console.warn: SearchSettings: "get: No settings file exists, new profile?" (new Error("", "(unknown module)"))
1620963624883	Marionette	INFO	Listening on port 65417
1620963625359	Marionette	WARN	TLS certificate errors will be ignored for this session
1620963662847	Marionette	INFO	Stopped listening on port 65417

###!!! [Child][RunMessage] Error: Channel closing: too late to send/recv, messages will be lost

1620963812170	geckodriver	INFO	Listening on 127.0.0.1:49348
1620963818273	mozrunner::runner	INFO	Running command: "C:\\Program Files\\Mozilla Firefox\\firefox.exe" "--marionette" "headless" "-foreground" "-no-remote" "-profile" "C:\\Users\\ADMINI~1\\AppData\\Local\\Temp\\rust_mozprofilelDpl2g"
1620963819799	Marionette	INFO	Marionette enabled
console.warn: SearchSettings: "get: No settings file exists, new profile?" (new Error("", "(unknown module)"))
1620963822886	Marionette	INFO	Listening on port 49366
1620963823280	Marionette	WARN	TLS certificate errors will be ignored for this session
JavaScript error: resource://gre/modules/Sqlite.jsm, line 1030: Error: Sqlite.jsm has been shutdown. Cannot open connection to: C:\Users\Administrator\AppData\Local\Temp\rust_mozprofilelDpl2g\protections.sqlite

###!!! [Child][RunMessage] Error: Channel closing: too late to send/recv, messages will be lost

1620963903005	Marionette	INFO	Stopped listening on port 49366

###!!! [Child][RunMessage] Error: Channel closing: too late to send/recv, messages will be lost

ette	INFO	Listening on port 49523
1620963875033	Marionette	WARN	TLS certificate errors will be ignored for this session

###!!! [Child][RunMessage] Error: Channel closing: too late to send/recv, messages will be lost

JavaScript error: resource://gre/modules/Sqlite.jsm, line 1030: Error: Sqlite.jsm has been shutdown. Cannot open connection to: C:\Users\Administrator\AppData\Local\Temp\rust_mozprofilekjM5g6\protections.sqlite
1620963899352	Marionette	INFO	Stopped listening on port 49523

###!!! [Child][RunMessage] Error: Channel closing: too late to send/recv, messages will be lost

1620963944989	geckodriver	INFO	Listening on 127.0.0.1:49718
1620963951085	mozrunner::runner	INFO	Running command: "C:\\Program Files\\Mozilla Firefox\\firefox.exe" "--marionette" "headless" "-foreground" "-no-remote" "-profile" "C:\\Users\\ADMINI~1\\AppData\\Local\\Temp\\rust_mozprofileEEoo62"
1620963952449	Marionette	INFO	Marionette enabled
console.warn: SearchSettings: "get: No settings file exists, new profile?" (new Error("", "(unknown module)"))
1620963955283	Marionette	INFO	Listening on port 49737
1620963955483	Marionette	WARN	TLS certificate errors will be ignored for this session
1620964125277	Marionette	INFO	Stopped listening on port 49737
0964065565	mozrunner::runner	INFO	Running command: "C:\\Program Files\\Mozilla Firefox\\firefox.exe" "--marionette" "headless" "-foreground" "-no-remote" "-profile" "C:\\Users\\ADMINI~1\\AppData\\Local\\Temp\\rust_mozprofileLxZRqM"
1620964067059	Marionette	INFO	Marionette enabled
console.warn: SearchSettings: "get: No settings file exists, new profile?" (new Error("", "(unknown module)"))
1620964070782	Marionette	INFO	Listening on port 50096
1620964071210	Marionette	WARN	TLS certificate errors will be ignored for this session

###!!! [Child][RunMessage] Error: Channel closing: too late to send/recv, messages will be lost

JavaScript error: resource://gre/modules/Sqlite.jsm, line 1030: Error: Sqlite.jsm has been shutdown. Cannot open connection to: C:\Users\Administrator\AppData\Local\Temp\rust_mozprofileLxZRqM\protections.sqlite
1620964082692	Marionette	INFO	Stopped listening on port 50096
1620964117749	geckodriver	INFO	Listening on 127.0.0.1:50259
1620964123851	mozrunner::runner	INFO	Running command: "C:\\Program Files\\Mozilla Firefox\\firefox.exe" "--marionette" "headless" "-foreground" "-no-remote" "-profile" "C:\\Users\\ADMINI~1\\AppData\\Local\\Temp\\rust_mozprofileaTpIKc"
1620964126037	Marionette	INFO	Marionette enabled
console.warn: SearchSettings: "get: No settings file exists, new profile?" (new Error("", "(unknown module)"))
1620964129471	Marionette	INFO	Listening on port 50283
1620964129622	Marionette	WARN	TLS certificate errors will be ignored for this session

###!!! [Child][RunMessage] Error: Channel closing: too late to send/recv, messages will be lost

JavaScript error: resource://gre/modules/Sqlite.jsm, line 1030: Error: Sqlite.jsm has been shutdown. Cannot open connection to: C:\Users\Administrator\AppData\Local\Temp\rust_mozprofileaTpIKc\protections.sqlite
1620964151551	Marionette	INFO	Stopped listening on port 50283

###!!! [Child][RunMessage] Error: Channel closing: too late to send/recv, messages will be lost

1620964188179	geckodriver	INFO	Listening on 127.0.0.1:50477
1620964194263	mozrunner::runner	INFO	Running command: "C:\\Program Files\\Mozilla Firefox\\firefox.exe" "--marionette" "headless" "-foreground" "-no-remote" "-profile" "C:\\Users\\ADMINI~1\\AppData\\Local\\Temp\\rust_mozprofile3YyDZe"
1620964195739	Marionette	INFO	Marionette enabled
console.warn: SearchSettings: "get: No settings file exists, new profile?" (new Error("", "(unknown module)"))
1620964199378	Marionette	INFO	Listening on port 50495
1620964199766	Marionette	WARN	TLS certificate errors will be ignored for this session

###!!! [Child][RunMessage] Error: Channel closing: too late to send/recv, messages will be lost


###!!! [Child][RunMessage] Error: Channel closing: too late to send/recv, messages will be lost

JavaScript error: resource://gre/modules/Sqlite.jsm, line 1030: Error: Sqlite.jsm has been shutdown. Cannot open connection to: C:\Users\Administrator\AppData\Local\Temp\rust_mozprofile3YyDZe\protections.sqlite
1620964215710	Marionette	INFO	Stopped listening on port 50495

###!!! [Child][RunMessage] Error: Channel closing: too late to send/recv, messages will be lost

1620964268545	geckodriver	INFO	Listening on 127.0.0.1:50674
1620964274584	mozrunner::runner	INFO	Running command: "C:\\Program Files\\Mozilla Firefox\\firefox.exe" "--marionette" "headless" "-foreground" "-no-remote" "-profile" "C:\\Users\\ADMINI~1\\AppData\\Local\\Temp\\rust_mozprofileuLiufs"
1620964276304	Marionette	INFO	Marionette enabled
console.warn: SearchSettings: "get: No settings file exists, new profile?" (new Error("", "(unknown module)"))
1620964279319	Marionette	INFO	Listening on port 50694
1620964279642	Marionette	WARN	TLS certificate errors will be ignored for this session
1620964544213	Marionette	INFO	Stopped listening on port 50694

###!!! [Child][RunMessage] Error: Channel closing: too late to send/recv, messages will be lost

"--marionette" "headless" "-foreground" "-no-remote" "-profile" "C:\\Users\\ADMINI~1\\AppData\\Local\\Temp\\rust_mozprofile7PRjxz"
1620964382672	Marionette	INFO	Marionette enabled
console.warn: SearchSettings: "get: No settings file exists, new profile?" (new Error("", "(unknown module)"))
1620964386747	Marionette	INFO	Listening on port 50940
1620964386848	Marionette	WARN	TLS certificate errors will be ignored for this session
JavaScript error: resource://gre/modules/Sqlite.jsm, line 1030: Error: Sqlite.jsm has been shutdown. Cannot open connection to: C:\Users\Administrator\AppData\Local\Temp\rust_mozprofile7PRjxz\protections.sqlite
1620964544647	Marionette	INFO	Stopped listening on port 50940

###!!! [Child][RunMessage] Error: Channel closing: too late to send/recv, messages will be lost

get: No settings file exists, new profile?" (new Error("", "(unknown module)"))
1620964421841	Marionette	INFO	Listening on port 51093
1620964422370	Marionette	WARN	TLS certificate errors will be ignored for this session
JavaScript error: resource://gre/modules/Sqlite.jsm, line 1030: Error: Sqlite.jsm has been shutdown. Cannot open connection to: C:\Users\Administrator\AppData\Local\Temp\rust_mozprofile2PLblu\protections.sqlite

###!!! [Child][RunMessage] Error: Channel closing: too late to send/recv, messages will be lost


###!!! [Child][MessageChannel] Error: (msgtype=0x230032,name=PBrowser::Msg___delete__) Channel closing: too late to send/recv, messages will be lost


###!!! [Child][RunMessage] Error: Channel closing: too late to send/recv, messages will be lost

1620964436204	Marionette	INFO	Stopped listening on port 51093

###!!! [Child][RunMessage] Error: Channel closing: too late to send/recv, messages will be lost

1620964542605	geckodriver	INFO	Listening on 127.0.0.1:51475
1620964548699	mozrunner::runner	INFO	Running command: "C:\\Program Files\\Mozilla Firefox\\firefox.exe" "--marionette" "headless" "-foreground" "-no-remote" "-profile" "C:\\Users\\ADMINI~1\\AppData\\Local\\Temp\\rust_mozprofile6vaHh5"
1620964550354	Marionette	INFO	Marionette enabled
console.warn: SearchSettings: "get: No settings file exists, new profile?" (new Error("", "(unknown module)"))
1620964553337	Marionette	INFO	Listening on port 51499
1620964553717	Marionette	WARN	TLS certificate errors will be ignored for this session
JavaScript error: resource://gre/modules/Sqlite.jsm, line 101620964575241	mozrunner::runner	INFO	Running command: "C:\\Program Files\\Mozilla Firefox\\firefox.exe" "--marionette" "headless" "-foreground" "-no-remote" "-profile" "C:\\Users\\ADMINI~1\\AppData\\Local\\Temp\\rust_mozprofilelSyD78"
1620964576659	Marionette	INFO	Marionette enabled
console.warn: SearchSettings: "get: No settings file exists, new profile?" (new Error("", "(unknown module)"))
1620964579534	Marionette	INFO	Listening on port 51624
1620964579631	Marionette	WARN	TLS certificate errors will be ignored for this session
JavaScript error: resource://gre/modules/Sqlite.jsm, line 101620964639125	mozrunner::runner	INFO	Running command: "C:\\Program Files\\Mozilla Firefox\\firefox.exe" "--marionette" "headless" "-foreground" "-no-remote" "-profile" "C:\\Users\\ADMINI~1\\AppData\\Local\\Temp\\rust_mozprofile2gWacJ"
1620964640786	Marionette	INFO	Marionette enabled
console.warn: SearchSettings: "get: No settings file exists, new profile?" (new Error("", "(unknown module)"))
1620964643670	Marionette	INFO	Listening on port 51800
1620964643737	Marionette	WARN	TLS certificate errors will be ignored for this session
JavaScript error: resource://gre/modules/AsyncShutdown.jsm, 1620964716721	mozrunner::runner	INFO	Running command: "C:\\Program Files\\Mozilla Firefox\\firefox.exe" "--marionette" "headless" "-foreground" "-no-remote" "-profile" "C:\\Users\\ADMINI~1\\AppData\\Local\\Temp\\rust_mozprofilenwguV2"
1620964718266	Marionette	INFO	Marionette enabled
console.warn: SearchSettings: "get: No settings file exists, new profile?" (new Error("", "(unknown module)"))
1620964721327	Marionette	INFO	Listening on port 52015
1620964721775	Marionette	WARN	TLS certificate errors will be ignored for this session

###!!! [Child][RunMessage] Error: Channel closing: too late to send1620964873846	mozrunner::runner	INFO	Running command: "C:\\Program Files\\Mozilla Firefox\\firefox.exe" "--marionette" "headless" "-foreground" "-no-remote" "-profile" "C:\\Users\\ADMINI~1\\AppData\\Local\\Temp\\rust_mozprofileHmAY9K"
1620964875317	Marionette	INFO	Marionette enabled
console.warn: SearchSettings: "get: No settings file exists, new profile?" (new Error("", "(unknown module)"))
1620964878254	Marionette	INFO	Listening on port 52302
1620964878366	Marionette	WARN	TLS certificate errors will be ignored for this session
JavaScript error: https://file.hbfile.net/global/zh-cn/static/e3c5f956a095f9d30e31.js, line 1: Error: timeout of 3000ms exceeded
JavaScript error: resource://gre/modules/Sqlite.jsm, line 1030: Error: Sqlite.jsm has been shutdown. Cannot open connection to: C:\Users\Administrator\AppData\Local\Temp\rust_mozprofileHmAY9K\protections.sqlite

###!!! [Child][RunMessage] Error: Channel closing: too late to send/recv, messages will be lost


###!!! [Child][RunMessage] Error: Channel closing: too late to send/recv, messages will be lost

1620964888970	Marionette	INFO	Stopped listening on port 52302

###!!! [Child][RunMessage] Error: Channel closing: too late to send/recv, messages will be lost

1620964938398	geckodriver	INFO	Listening on 127.0.0.1:52453
1620964944483	mozrunner::runner	INFO	Running command: "C:\\Program Files\\Mozilla Firefox\\firefox.exe" "--marionette" "headless" "-foreground" "-no-remote" "-profile" "C:\\Users\\ADMINI~1\\AppData\\Local\\Temp\\rust_mozprofilel8QMq0"
1620964945982	Marionette	INFO	Marionette enabled
console.warn: SearchSettings: "get: No settings file exists, new profile?" (new Error("", "(unknown module)"))
1620964948791	Marionette	INFO	Listening on port 52480
1620964948906	Marionette	WARN	TLS certificate errors will be ignored for this session

###!!! [Child][RunMessage] Error: Channel closing: too lat1620965040800	mozrunner::runner	INFO	Running command: "C:\\Program Files\\Mozilla Firefox\\firefox.exe" "--marionette" "headless" "-foreground" "-no-remote" "-profile" "C:\\Users\\ADMINI~1\\AppData\\Local\\Temp\\rust_mozprofileugtAbz"
1620965042686	Marionette	INFO	Marionette enabled
console.warn: SearchSettings: "get: No settings file exists, new profile?" (new Error("", "(unknown module)"))
1620965045929	Marionette	INFO	Listening on port 52699
1620965046391	Marionette	WARN	TLS certificate errors will be ignored for this session

###!!! [Child][RunMessage] Error: Channel closing: too late to send/recv, messages will be lost

JavaScript error: resource://gre/modules/Sqlite.jsm, line 1030: Error: Sqlite.jsm has been shutdown. Cannot open connection to: C:\Users\Administrator\AppData\Local\Temp\rust_mozprofileugtAbz\protections.sqlite
1620965056922	Marionette	INFO	Stopped listening on port 52699

###!!! [Child][RunMessage] Error: Channel closing: too late to send/recv, messages will be lost

1620965107369	geckodriver	INFO	Listening on 127.0.0.1:52858
1620965113458	mozrunner::runner	INFO	Running command: "C:\\Program Files\\Mozilla Firefox\\firefox.exe" "--marionette" "headless" "-foreground" "-no-remote" "-profile" "C:\\Users\\ADMINI~1\\AppData\\Local\\Temp\\rust_mozprofileaoxnN7"
1620965114868	Marionette	INFO	Marionette enabled
console.warn: SearchSettings: "get: No settings file exists, new profile?" (new Error("", "(unknown module)"))
1620965117670	Marionette	INFO	Listening on port 52875
1620965117854	Marionette	WARN	TLS certificate errors will be ignored for this session

###!!! [Child][RunMessage] Error: Channel closing: too late to send/recv, messages will be lost

JavaScript error: resource://gre/modules/Sqlite.jsm, line 1030: Error: Sqlite.jsm has been shutdown. Cannot open connection to: C:\Users\Administrator\AppData\Local\Temp\rust_mozprofileaoxnN7\protections.sqlite

###!!! [Child][RunMessage] Error: Channel closing: too late to send/recv, messages will be lost

1620965141006	Marionette	INFO	Stopped listening on port 52875
1620965150339	geckodriver	INFO	Listening on 127.0.0.1:53023
1620965156438	mozrunner::runner	INFO	Running command: "C:\\Program Files\\Mozilla Firefox\\firefox.exe" "--marionette" "headless" "-foreground" "-no-remote" "-profile" "C:\\Users\\ADMINI~1\\AppData\\Local\\Temp\\rust_mozprofiledxuh3t"
1620965157853	Marionette	INFO	Marionette enabled
console.warn: SearchSettings: "get: No settings file exists, new profile?" (new Error("", "(unknown module)"))
1620965160365	Marionette	INFO	Listening on port 53053
1620965160438	Marionette	WARN	TLS certificate errors will be ignored for this session
JavaScript error: resource://gre/modules/Sqlite.jsm, line 101620965267317	mozrunner::runner	INFO	Running command: "C:\\Program Files\\Mozilla Firefox\\firefox.exe" "--marionette" "headless" "-foreground" "-no-remote" "-profile" "C:\\Users\\ADMINI~1\\AppData\\Local\\Temp\\rust_mozprofileZLNTTC"
1620965268573	Marionette	INFO	Marionette enabled
console.warn: SearchSettings: "get: No settings file exists, new profile?" (new Error("", "(unknown module)"))
1620965271289	Marionette	INFO	Listening on port 53352
1620965271712	Marionette	WARN	TLS certificate errors will be ignored for this session

###!!! [Child][RunMessage] Error: Channel closing: too late to send/recv, messages will be lost

1620965325406	Marionette	INFO	Stopped listening on port 53352

###!!! [Child][RunMessage] Error: Channel closing: too late to send/recv, messages will be lost

JavaScript error: resource://gre/modules/CrashManager.jsm, line 833: NotAllowedError: Shutting down and refusing additional I/O tasks
ists, new profile?" (new Error("", "(unknown module)"))
1620965302007	Marionette	INFO	Listening on port 53490
1620965302090	Marionette	WARN	TLS certificate errors will be ignored for this session
JavaScript error: resource://gre/modules/Sqlite.jsm, line 101620965329582	mozrunner::runner	INFO	Running command: "C:\\Program Files\\Mozilla Firefox\\firefox.exe" "--marionette" "headless" "-foreground" "-no-remote" "-profile" "C:\\Users\\ADMINI~1\\AppData\\Local\\Temp\\rust_mozprofileiSsxMO"
1620965330980	Marionette	INFO	Marionette enabled
console.warn: SearchSettings: "get: No settings file exists, new profile?" (new Error("", "(unknown module)"))
1620965333650	Marionette	INFO	Listening on port 53624
1620965333966	Marionette	WARN	TLS certificate errors will be ignored for this session
JavaScript error: resource://gre/modules/Sqlite.jsm, line 101620965363439	mozrunner::runner	INFO	Running command: "C:\\Program Files\\Mozilla Firefox\\firefox.exe" "--marionette" "headless" "-foreground" "-no-remote" "-profile" "C:\\Users\\ADMINI~1\\AppData\\Local\\Temp\\rust_mozprofileRFuLiB"
1620965365112	Marionette	INFO	Marionette enabled
console.warn: SearchSettings: "get: No settings file exists, new profile?" (new Error("", "(unknown module)"))
1620965369219	Marionette	INFO	Listening on port 53772
1620965369660	Marionette	WARN	TLS certificate errors will be ignored for this session
JavaScript error: resource://gre/modules/Sqlite.jsm, line 101620965394705	mozrunner::runner	INFO	Running command: "C:\\Program Files\\Mozilla Firefox\\firefox.exe" "--marionette" "headless" "-foreground" "-no-remote" "-profile" "C:\\Users\\ADMINI~1\\AppData\\Local\\Temp\\rust_mozprofile8r3dC8"
1620965395965	Marionette	INFO	Marionette enabled
console.warn: SearchSettings: "get: No settings file exists, new profile?" (new Error("", "(unknown module)"))
1620965398582	Marionette	INFO	Listening on port 53920
1620965398609	Marionette	WARN	TLS certificate errors will be ignored for this session
JavaScript error: resource://gre/modules/AsyncShutdown.jsm, line 718: Error: Phase "Sqlite.jsm: wait until all connections are closed" is finished, it is too late to register completion condition "protections.sqlite#0: waiting for shutdown"

###!!! [Child][MessageChannel] Error: (msgtype=0x230032,name=PBrowser::Msg___delete__) Channel closing: too late to send/recv, messages will be lost

1620965408190	Marionette	INFO	Stopped listening on port 53920

###!!! [Child][RunMessage] Error: Channel closing: too late to send/recv, messages will be lost

1620965434731	geckodriver	INFO	Listening on 127.0.0.1:54051
1620965440830	mozrunner::runner	INFO	Running command: "C:\\Program Files\\Mozilla Firefox\\firefox.exe" "--marionette" "headless" "-foreground" "-no-remote" "-profile" "C:\\Users\\ADMINI~1\\AppData\\Local\\Temp\\rust_mozprofileLwdFyK"
1620965442144	Marionette	INFO	Marionette enabled
console.warn: SearchSettings: "get: No settings file exists, new profile?" (new Error("", "(unknown module)"))
1620965444784	Marionette	INFO	Listening on port 54072
1620965445229	Marionette	WARN	TLS certificate errors will be ignored for this session
JavaScript error: resource://gre/modules/Sqlite.jsm, line 1030: Error: Sqlite.jsm has been shutdown. Cannot open connection to: C:\Users\Administrator\AppData\Local\Temp\rust_mozprofileLwdFyK\protections.sqlite
1620965519886	Marionette	INFO	Stopped listening on port 54072

###!!! [Child][RunMessage] Error: Channel closing: too late to send/recv, messages will be lost

get: No settings file exists, new profile?" (new Error("", "(unknown module)"))
1620965474640	Marionette	INFO	Listening on port 54207
1620965474677	Marionette	WARN	TLS certificate errors will be ignored for this session
JavaScript error: resource://gre/modules/Sqlite.jsm, line 1030: Error: Sqlite.jsm has been shutdown. Cannot open connection to: C:\Users\Administrator\AppData\Local\Temp\rust_mozprofileQNNADL\protections.sqlite
1620965519358	Marionette	INFO	Stopped listening on port 54207
t_mozprofile27iYd0"
1620965509442	Marionette	INFO	Marionette enabled
console.warn: SearchSettings: "get: No settings file exists, new profile?" (new Error("", "(unknown module)"))
1620965513034	Marionette	INFO	Listening on port 54365
1620965513416	Marionette	WARN	TLS certificate errors will be ignored for this session

###!!! [Child][RunMessage] Error: Channel closing: too late to send/recv, messages will be lost

JavaScript error: resource://gre/modules/Sqlite.jsm, line 1030: Error: Sqlite.jsm has been shutdown. Cannot open connection to: C:\Users\Administrator\AppData\Local\Temp\rust_mozprofile27iYd0\protections.sqlite
1620965524706	Marionette	INFO	Stopped listening on port 54365

###!!! [Child][RunMessage] Error: Channel closing: too late to send/recv, messages will be lost

1620965537571	geckodriver	INFO	Listening on 127.0.0.1:54476
1620965543667	mozrunner::runner	INFO	Running command: "C:\\Program Files\\Mozilla Firefox\\firefox.exe" "--marionette" "headless" "-foreground" "-no-remote" "-profile" "C:\\Users\\ADMINI~1\\AppData\\Local\\Temp\\rust_mozprofileFRfrSO"
1620965545064	Marionette	INFO	Marionette enabled
console.warn: SearchSettings: "get: No settings file exists, new profile?" (new Error("", "(unknown module)"))
1620965548226	geckodriver	INFO	Listening on 127.0.0.1:54517
1620965554274	mozrunner::runner	INFO	Running command: "C:\\Program Files\\Mozilla Firefox\\firefox.exe" "--marionette" "headless" "-foreground" "-no-remote" "-profile" "C:\\Users\\ADMINI~1\\AppData\\Local\\Temp\\rust_mozprofile0nZZJq"
1620965555547	Marionette	INFO	Marionette enabled
console.warn: SearchSettings: "get: No settings file exists, new profile?" (new Error("", "(unknown module)"))
1620965558139	Marionette	INFO	Listening on port 54536
1620965558169	Marionette	WARN	TLS certificate errors will be ignored for this session

###!!! [Child][RunMessage] Error: Channel closing: too late to send/recv, messages will be lost

1620965566693	Marionette	INFO	Stopped listening on port 54536

###!!! [Child][RunMessage] Error: Channel closing: too late to send/recv, messages will be lost

1620965583429	geckodriver	INFO	Listening on 127.0.0.1:54692
1620965589485	mozrunner::runner	INFO	Running command: "C:\\Program Files\\Mozilla Firefox\\firefox.exe" "--marionette" "headless" "-foreground" "-no-remote" "-profile" "C:\\Users\\ADMINI~1\\AppData\\Local\\Temp\\rust_mozprofileSCI60i"
1620965591153	Marionette	INFO	Marionette enabled
console.warn: SearchSettings: "get: No settings file exists, new profile?" (new Error("", "(unknown module)"))
1620965594785	Marionette	INFO	Listening on port 54710
1620965595001	Marionette	WARN	TLS certificate errors will be ignored for this session
1620968620354	Marionette	INFO	Stopped listening on port 54710
1620968623755	geckodriver	INFO	Listening on 127.0.0.1:59232
1620968629837	mozrunner::runner	INFO	Running command: "C:\\Program Files\\Mozilla Firefox\\firefox.exe" "--marionette" "headless" "-foreground" "-no-remote" "-profile" "C:\\Users\\ADMINI~1\\AppData\\Local\\Temp\\rust_mozprofilehs70UL"
1620968631228	Marionette	INFO	Marionette enabled
console.warn: SearchSettings: "get: No settings file exists, new profile?" (new Error("", "(unknown module)"))
1620968634185	Marionette	INFO	Listening on port 59255
1620968634236	Marionette	WARN	TLS certificate errors will be ignored for this session
1620969214147	Marionette	INFO	Stopped listening on port 59255
0968811714	mozrunner::runner	INFO	Running command: "C:\\Program Files\\Mozilla Firefox\\firefox.exe" "--marionette" "headless" "-foreground" "-no-remote" "-profile" "C:\\Users\\ADMINI~1\\AppData\\Local\\Temp\\rust_mozprofileS4ZRnL"
1620968813766	Marionette	INFO	Marionette enabled
console.warn: SearchSettings: "get: No settings file exists, new profile?" (new Error("", "(unknown module)"))
1620968819481	Marionette	INFO	Listening on port 59773
1620968819629	Marionette	WARN	TLS certificate errors will be ignored for this session
JavaScript error: resource://gre/modules/Sqlite.jsm, line 1030: Error: Sqlite.jsm has been shutdown. Cannot open connection to: C:\Users\Administrator\AppData\Local\Temp\rust_mozprofileS4ZRnL\protections.sqlite
1620968854764	Marionette	INFO	Stopped listening on port 59773

###!!! [Child][RunMessage] Error: Channel closing: too late to send/recv, messages will be lost

1620968857011	geckodriver	INFO	Listening on 127.0.0.1:59970
1620968863087	mozrunner::runner	INFO	Running command: "C:\\Program Files\\Mozilla Firefox\\firefox.exe" "--marionette" "headless" "-foreground" "-no-remote" "-profile" "C:\\Users\\ADMINI~1\\AppData\\Local\\Temp\\rust_mozprofile9NydPr"
1620968865529	Marionette	INFO	Marionette enabled
console.warn: SearchSettings: "get: No settings file exists, new profile?" (new Error("", "(unknown module)"))
1620968871293	Marionette	INFO	Listening on port 59990
1620968871397	Marionette	WARN	TLS certificate errors will be ignored for this session
JavaScript error: resource://gre/modules/Sqlite.jsm, line 1030: Error: Sqlite.jsm has been shutdown. Cannot open connection to: C:\Users\Administrator\AppData\Local\Temp\rust_mozprofile9NydPr\protections.sqlite

###!!! [Child][RunMessage] Error: Channel closing: too late to send/recv, messages will be lost


###!!! [Child][RunMessage] Error: Channel closing: too late to send/recv, messages will be lost

1620968887102	Marionette	INFO	Stopped listening on port 59990
1620969214049	geckodriver	INFO	Listening on 127.0.0.1:60779
1620969220084	mozrunner::runner	INFO	Running command: "C:\\Program Files\\Mozilla Firefox\\firefox.exe" "--marionette" "headless" "-foreground" "-no-remote" "-profile" "C:\\Users\\ADMINI~1\\AppData\\Local\\Temp\\rust_mozprofilehNq8zF"
1620969221838	Marionette	INFO	Marionette enabled
console.warn: SearchSettings: "get: No settings file exists, new profile?" (new Error("", "(unknown module)"))
1620969225854	Marionette	INFO	Listening on port 60800
1620969226210	Marionette	WARN	TLS certificate errors will be ignored for this session
JavaScript error: resource://gre/modules/Sqlite.jsm, line 1030: Error: Sqlite.jsm has been shutdown. Cannot open connection to: C:\Users\Administrator\AppData\Local\Temp\rust_mozprofilehNq8zF\protections.sqlite
1620969257411	Marionette	INFO	Stopped listening on port 60800
1620969259706	geckodriver	INFO	Listening on 127.0.0.1:60929
1620969265776	mozrunner::runner	INFO	Running command: "C:\\Program Files\\Mozilla Firefox\\firefox.exe" "--marionette" "headless" "-foreground" "-no-remote" "-profile" "C:\\Users\\ADMINI~1\\AppData\\Local\\Temp\\rust_mozprofileJrmMgB"
1620969267824	Marionette	INFO	Marionette enabled
console.warn: SearchSettings: "get: No settings file exists, new profile?" (new Error("", "(unknown module)"))
1620969272712	Marionette	INFO	Listening on port 60951
1620969273262	Marionette	WARN	TLS certificate errors will be ignored for this session

###!!! [Child][RunMessage] Error: Channel closing: too late to send/recv, messages will be lost


###!!! [Child][RunMessage] Error: Channel closing: too late to send/recv, messages will be lost

1620969304180	Marionette	INFO	Stopped listening on port 60951
1620969331597	geckodriver	INFO	Listening on 127.0.0.1:61151
1620969337666	mozrunner::runner	INFO	Running command: "C:\\Program Files\\Mozilla Firefox\\firefox.exe" "--marionette" "headless" "-foreground" "-no-remote" "-profile" "C:\\Users\\ADMINI~1\\AppData\\Local\\Temp\\rust_mozprofileZ6LErY"
1620969339552	Marionette	INFO	Marionette enabled
console.warn: SearchSettings: "get: No settings file exists, new profile?" (new Error("", "(unknown module)"))
1620969344107	Marionette	INFO	Listening on port 61171
1620969344416	Marionette	WARN	TLS certificate errors will be ignored for this session
JavaScript error: resource://gre/modules/AsyncShutdown.jsm, line 575: NotFoundError: No such JSWindowActor 'MarionetteEvents'
JavaScript error: resource://gre/modules/AsyncShutdown.jsm, line 575: NotFoundError: No such JSWindowActor 'MarionetteEvents'

###!!! [Child][RunMessage] Error: Channel closing: too late to send/recv, messages will be lost

1620969427730	Marionette	INFO	Stopped listening on port 61171

###!!! [Child][RunMessage] Error: Channel closing: too late to send/recv, messages will be lost

1620969445944	geckodriver	INFO	Listening on 127.0.0.1:61500
1620969452035	mozrunner::runner	INFO	Running command: "C:\\Program Files\\Mozilla Firefox\\firefox.exe" "--marionette" "headless" "-foreground" "-no-remote" "-profile" "C:\\Users\\ADMINI~1\\AppData\\Local\\Temp\\rust_mozprofiledaQiaz"
1620969453866	Marionette	INFO	Marionette enabled
console.warn: SearchSettings: "get: No settings file exists, new profile?" (new Error("", "(unknown module)"))
1620969457354	Marionette	INFO	Listening on port 61519
1620969457574	Marionette	WARN	TLS certificate errors will be ignored for this session
JavaScript error: https://open.woodpeckerlog.com/static/woodpecker.js, line 8: InvalidStateError: An attempt was made to use an object that is not, or is no longer, usable
JavaScript error: https://open.woodpeckerlog.com/static/woodpecker.js, line 8: InvalidStateError: An attempt was made to use an object that is not, or is no longer, usable
JavaScript error: https://open.woodpeckerlog.com/static/woodpecker.js, line 8: InvalidStateError: An attempt was made to use an object that is not, or is no longer, usable
JavaScript error: https://open.woodpeckerlog.com/static/woodpecker.js, line 8: InvalidStateError: An attempt was made to use an object that is not, or is no longer, usable
JavaScript error: https://open.woodpeckerlog.com/static/woodpecker.js, line 8: InvalidStateError: An attempt was made to use an object that is not, or is no longer, usable
Marionette threw an error: TypeError: chromeWindow is null
waitForNavigationCompleted@chrome://marionette/content/navigate.js:337:3
GeckoDriver.prototype.navigateTo@chrome://marionette/content/driver.js:939:18


###!!! [Child][RunMessage] Error: Channel closing: too late to send/recv, messages will be lost

1620969693510	Marionette	INFO	Stopped listening on port 61519

###!!! [Child][RunMessage] Error: Channel closing: too late to send/recv, messages will be lost

1620969703164	geckodriver	INFO	Listening on 127.0.0.1:62184
1620969709206	mozrunner::runner	INFO	Running command: "C:\\Program Files\\Mozilla Firefox\\firefox.exe" "--marionette" "headless" "-foreground" "-no-remote" "-profile" "C:\\Users\\ADMINI~1\\AppData\\Local\\Temp\\rust_mozprofileeOfb9j"
1620969710981	Marionette	INFO	Marionette enabled
console.warn: SearchSettings: "get: No settings file exists, new profile?" (new Error("", "(unknown module)"))
1620969714786	Marionette	INFO	Listening on port 62203
1620969714840	Marionette	WARN	TLS certificate errors will be ignored for this session
JavaScript error: resource://gre/modules/Sqlite.jsm, line 1030: Error: Sqlite.jsm has been shutdown. Cannot open connection to: C:\Users\Administrator\AppData\Local\Temp\rust_mozprofileeOfb9j\protections.sqlite

###!!! [Child][RunMessage] Error: Channel closing: too late to send/recv, messages will be lost

1620969737751	Marionette	INFO	Stopped listening on port 62203
1620973734044	geckodriver	INFO	Listening on 127.0.0.1:52260
1620973740132	mozrunner::runner	INFO	Running command: "C:\\Program Files\\Mozilla Firefox\\firefox.exe" "--marionette" "headless" "-foreground" "-no-remote" "-profile" "C:\\Users\\ADMINI~1\\AppData\\Local\\Temp\\rust_mozprofile5fCdns"
1620973741451	Marionette	INFO	Marionette enabled
console.warn: SearchSettings: "get: No settings file exists, new profile?" (new Error("", "(unknown module)"))
1620973744294	Marionette	INFO	Listening on port 52283
1620973744531	Marionette	WARN	TLS certificate errors will be ignored for this session
JavaScript error: resource://gre/modules/BackgroundPageThumbs.jsm, line 718: TypeError: captureCallback is not a function
1620973753074	Marionette	INFO	Stopped listening on port 52283
1620973792837	geckodriver	INFO	Listening on 127.0.0.1:52473
1620973798923	mozrunner::runner	INFO	Running command: "C:\\Program Files\\Mozilla Firefox\\firefox.exe" "--marionette" "headless" "-foreground" "-no-remote" "-profile" "C:\\Users\\ADMINI~1\\AppData\\Local\\Temp\\rust_mozprofile3kNY9K"
1620973800430	Marionette	INFO	Marionette enabled
console.warn: SearchSettings: "get: No settings file exists, new profile?" (new Error("", "(unknown module)"))
1620973803210	Marionette	INFO	Listening on port 52490
1620973803333	Marionette	WARN	TLS certificate errors will be ignored for this session
1620973816188	Marionette	INFO	Stopped listening on port 52490

###!!! [Child][RunMessage] Error: Channel closing: too late to send/recv, messages will be lost

1620973906340	geckodriver	INFO	Listening on 127.0.0.1:52705
1620973912236	mozrunner::runner	INFO	Running command: "C:\\Program Files\\Mozilla Firefox\\firefox.exe" "--marionette" "headless" "-foreground" "-no-remote" "-profile" "C:\\Users\\ADMINI~1\\AppData\\Local\\Temp\\rust_mozprofileLvKvRd"
1620973913622	Marionette	INFO	Marionette enabled
console.warn: SearchSettings: "get: No settings file exists, new profile?" (new Error("", "(unknown module)"))
1620973916567	Marionette	INFO	Listening on port 52723
1620973916637	Marionette	WARN	TLS certificate errors will be ignored for this session
1620974046543	Marionette	INFO	Stopped listening on port 52723

###!!! [Child][RunMessage] Error: Channel closing: too late to send/recv, messages will be lost

1620974171491	geckodriver	INFO	Listening on 127.0.0.1:53300
1620974177584	mozrunner::runner	INFO	Running command: "C:\\Program Files\\Mozilla Firefox\\firefox.exe" "--marionette" "headless" "-foreground" "-no-remote" "-profile" "C:\\Users\\ADMINI~1\\AppData\\Local\\Temp\\rust_mozprofileVttPxM"
1620974178936	Marionette	INFO	Marionette enabled
console.warn: SearchSettings: "get: No settings file exists, new profile?" (new Error("", "(unknown module)"))
1620974181625	Marionette	INFO	Listening on port 53319
1620974181975	Marionette	WARN	TLS certificate errors will be ignored for this session

###!!! [Child][RunMessage] Error: Channel closing: too late to send/recv, messages will be lost

JavaScript error: resource://gre/modules/PageThumbUtils.jsm, line 38: TypeError: aWindow is null
1620974200448	Marionette	INFO	Stopped listening on port 53319

###!!! [Child][RunMessage] Error: Channel closing: too late to send/recv, messages will be lost

1620974220942	geckodriver	INFO	Listening on 127.0.0.1:53430
1620974227076	mozrunner::runner	INFO	Running command: "C:\\Program Files\\Mozilla Firefox\\firefox.exe" "--marionette" "headless" "-foreground" "-no-remote" "-profile" "C:\\Users\\ADMINI~1\\AppData\\Local\\Temp\\rust_mozprofileqjzuxb"
1620974228389	Marionette	INFO	Marionette enabled
console.warn: SearchSettings: "get: No settings file exists, new profile?" (new Error("", "(unknown module)"))
1620974231096	Marionette	INFO	Listening on port 53456
1620974231464	Marionette	WARN	TLS certificate errors will be ignored for this session
1620974245680	Marionette	INFO	Stopped listening on port 53456

###!!! [Child][RunMessage] Error: Channel closing: too late to send/recv, messages will be lost

1620974381747	geckodriver	INFO	Listening on 127.0.0.1:53837
1620974387838	mozrunner::runner	INFO	Running command: "C:\\Program Files\\Mozilla Firefox\\firefox.exe" "--marionette" "headless" "-foreground" "-no-remote" "-profile" "C:\\Users\\ADMINI~1\\AppData\\Local\\Temp\\rust_mozprofile645iWU"
1620974389191	Marionette	INFO	Marionette enabled
console.warn: SearchSettings: "get: No settings file exists, new profile?" (new Error("", "(unknown module)"))
1620974391795	Marionette	INFO	Listening on port 53860
1620974392241	Marionette	WARN	TLS certificate errors will be ignored for this session
1620974409972	Marionette	INFO	Stopped listening on port 53860
1620974428111	geckodriver	INFO	Listening on 127.0.0.1:54083
1620974434210	mozrunner::runner	INFO	Running command: "C:\\Program Files\\Mozilla Firefox\\firefox.exe" "--marionette" "headless" "-foreground" "-no-remote" "-profile" "C:\\Users\\ADMINI~1\\AppData\\Local\\Temp\\rust_mozprofileA9YPvs"
1620974435644	Marionette	INFO	Marionette enabled
console.warn: SearchSettings: "get: No settings file exists, new profile?" (new Error("", "(unknown module)"))
1620974438420	Marionette	INFO	Listening on port 54103
1620974438663	Marionette	WARN	TLS certificate errors will be ignored for this session
JavaScript error: resource://gre/modules/FinderHighlighter.jsm, line 625: TypeError: controller is null
JavaScript error: resource://gre/modules/FinderHighlighter.jsm, line 625: TypeError: controller is null
JavaScript error: resource://gre/modules/FinderHighlighter.jsm, line 625: TypeError: controller is null
JavaScript error: resource://gre/modules/FinderHighlighter.jsm, line 625: TypeError: controller is null
JavaScript error: resource://gre/modules/FinderHighlighter.jsm, line 625: TypeError: controller is null

###!!! [Child][RunMessage] Error: Channel closing: too late to send/recv, messages will be lost

JavaScript error: resource://gre/modules/Sqlite.jsm, line 1030: Error: Sqlite.jsm has been shutdown. Cannot open connection to: C:\Users\Administrator\AppData\Local\Temp\rust_mozprofileA9YPvs\protections.sqlite
1620974509322	Marionette	INFO	Stopped listening on port 54103

###!!! [Child][RunMessage] Error: Channel closing: too late to send/recv, messages will be lost

